<?xml version="1.0" encoding="UTF-8"?>
<!-- Generated by org.testng.reporters.JUnitReportReporter -->
<testsuite hostname="DESKTOP-26ASF4D" name="Runner.Runner" tests="1" failures="0" timestamp="10 Oct 2018 00:29:57 GMT" time="135.035" errors="0">
  <testcase name="feature" time="135.035" classname="Runner.Runner"/>
</testsuite> <!-- Runner.Runner -->
